0 info it worked if it ends with ok
1 verbose cli [ '/usr/bin/node', '/usr/bin/npm', 'run', 'verbose' ]
2 info using npm@3.5.2
3 info using node@v8.10.0
4 verbose run-script [ 'preverbose', 'verbose', 'postverbose' ]
5 info lifecycle nmr-control-client@1.0.0~preverbose: nmr-control-client@1.0.0
6 silly lifecycle nmr-control-client@1.0.0~preverbose: no script for preverbose, continuing
7 info lifecycle nmr-control-client@1.0.0~verbose: nmr-control-client@1.0.0
8 verbose lifecycle nmr-control-client@1.0.0~verbose: unsafe-perm in lifecycle true
9 verbose lifecycle nmr-control-client@1.0.0~verbose: PATH: /usr/share/npm/bin/node-gyp-bin:/mnt/d/Documents/Udemy/projects/nmr-control-client/node_modules/.bin:/home/tomlebl/.vscode-server/bin/d2e414d9e4239a252d1ab117bd7067f125afd80a/bin:/usr/local/sbin:/usr/local/bin:/usr/sbin:/usr/bin:/sbin:/bin:/usr/games:/usr/local/games:/mnt/c/Windows/system32:/mnt/c/Windows:/mnt/c/Windows/System32/Wbem:/mnt/c/Windows/System32/WindowsPowerShell/v1.0/:/mnt/c/Windows/System32/OpenSSH/:/mnt/c/Program Files/PuTTY/:/mnt/c/Users/tl12/AppData/Local/Microsoft/WindowsApps:/mnt/c/Users/tl12/AppData/Local/Programs/Microsoft VS Code/bin:/mnt/c/Users/tl12/AppData/Local/hyper/app-3.0.2/resources/bin:/mnt/c/Program Files (x86)/PerkinElmerInformatics/ChemOffice2019/ChemScript/Lib:/snap/bin
10 verbose lifecycle nmr-control-client@1.0.0~verbose: CWD: /mnt/d/Documents/Udemy/projects/nmr-control-client
11 silly lifecycle nmr-control-client@1.0.0~verbose: Args: [ '-c', 'node ./src/app.js run -v' ]
12 silly lifecycle nmr-control-client@1.0.0~verbose: Returned: code: 1  signal: null
13 info lifecycle nmr-control-client@1.0.0~verbose: Failed to exec verbose script
14 verbose stack Error: nmr-control-client@1.0.0 verbose: `node ./src/app.js run -v`
14 verbose stack Exit status 1
14 verbose stack     at EventEmitter.<anonymous> (/usr/share/npm/lib/utils/lifecycle.js:232:16)
14 verbose stack     at emitTwo (events.js:126:13)
14 verbose stack     at EventEmitter.emit (events.js:214:7)
14 verbose stack     at ChildProcess.<anonymous> (/usr/share/npm/lib/utils/spawn.js:24:14)
14 verbose stack     at emitTwo (events.js:126:13)
14 verbose stack     at ChildProcess.emit (events.js:214:7)
14 verbose stack     at maybeClose (internal/child_process.js:925:16)
14 verbose stack     at Process.ChildProcess._handle.onexit (internal/child_process.js:209:5)
15 verbose pkgid nmr-control-client@1.0.0
16 verbose cwd /mnt/d/Documents/Udemy/projects/nmr-control-client
17 error Linux 4.4.0-18362-Microsoft
18 error argv "/usr/bin/node" "/usr/bin/npm" "run" "verbose"
19 error node v8.10.0
20 error npm  v3.5.2
21 error code ELIFECYCLE
22 error nmr-control-client@1.0.0 verbose: `node ./src/app.js run -v`
22 error Exit status 1
23 error Failed at the nmr-control-client@1.0.0 verbose script 'node ./src/app.js run -v'.
23 error Make sure you have the latest version of node.js and npm installed.
23 error If you do, this is most likely a problem with the nmr-control-client package,
23 error not with npm itself.
23 error Tell the author that this fails on your system:
23 error     node ./src/app.js run -v
23 error You can get information on how to open an issue for this project with:
23 error     npm bugs nmr-control-client
23 error Or if that isn't available, you can get their info via:
23 error     npm owner ls nmr-control-client
23 error There is likely additional logging output above.
24 verbose exit [ 1, true ]
